TN:
SF:script/00_DeployHook.s.sol
DA:21,0
FN:21,DeployHookScript.run
FNDA:0,DeployHookScript.run
DA:28,0
DA:36,0
DA:39,0
DA:40,0
DA:43,0
DA:44,0
DA:45,0
DA:46,0
DA:49,0
DA:50,0
BRDA:50,0,0,-
BRDA:50,0,1,-
DA:53,0
DA:55,0
DA:58,0
DA:59,0
DA:60,0
DA:61,0
DA:62,0
DA:63,0
DA:64,0
DA:65,0
DA:66,0
DA:67,0
DA:68,0
DA:69,0
DA:70,0
DA:71,0
FNF:1
FNH:0
LF:27
LH:0
BRF:2
BRH:0
end_of_record
TN:
SF:script/01_CreatePoolAndAddLiquidity.s.sol
DA:35,0
FN:35,CreatePoolAndAddLiquidityScript.run
FNDA:0,CreatePoolAndAddLiquidityScript.run
DA:36,0
DA:45,0
DA:47,0
DA:49,0
DA:50,0
DA:53,0
DA:62,0
DA:63,0
DA:65,0
DA:70,0
DA:73,0
DA:76,0
DA:81,0
DA:83,0
DA:84,0
DA:87,0
DA:88,0
FNF:1
FNH:0
LF:18
LH:0
BRF:0
BRH:0
end_of_record
TN:
SF:script/02_AddLiquidity.s.sol
DA:37,0
FN:37,AddLiquidityScript.run
FNDA:0,AddLiquidityScript.run
DA:38,0
DA:46,0
DA:48,0
DA:50,0
DA:52,0
DA:53,0
DA:56,0
DA:65,0
DA:66,0
DA:68,0
DA:73,0
DA:76,0
DA:81,0
DA:83,0
DA:84,0
DA:87,0
DA:88,0
FNF:1
FNH:0
LF:18
LH:0
BRF:0
BRH:0
end_of_record
TN:
SF:script/03_Swap.s.sol
DA:9,0
FN:9,SwapScript.run
FNDA:0,SwapScript.run
DA:10,0
DA:17,0
DA:19,0
DA:22,0
DA:23,0
DA:26,0
DA:36,0
FNF:1
FNH:0
LF:8
LH:0
BRF:0
BRH:0
end_of_record
TN:
SF:script/04_RemoveLiquidity.s.sol
DA:38,0
FN:38,RemoveLiquidityScript.run
FNDA:0,RemoveLiquidityScript.run
DA:40,0
DA:41,0
DA:43,0
DA:51,0
DA:54,0
DA:57,0
DA:61,0
DA:66,0
DA:68,0
DA:70,0
DA:72,0
DA:73,0
DA:79,0
DA:80,0
DA:81,0
DA:82,0
DA:83,0
DA:84,0
DA:85,0
DA:87,0
DA:88,0
DA:89,0
DA:91,0
DA:92,0
DA:93,0
DA:94,0
FNF:1
FNH:0
LF:27
LH:0
BRF:0
BRH:0
end_of_record
TN:
SF:script/05_CheckPosition.s.sol
DA:40,0
FN:40,CheckPositionScript.run
FNDA:0,CheckPositionScript.run
DA:42,0
DA:43,0
DA:44,0
DA:46,0
DA:54,0
DA:57,0
DA:58,0
DA:61,0
DA:69,0
DA:72,0
DA:74,0
DA:75,0
DA:76,0
DA:77,0
DA:79,0
BRDA:79,0,0,-
DA:80,0
DA:81,0
DA:82,0
DA:83,0
DA:84,0
DA:85,0
DA:86,0
DA:89,0
DA:90,0
DA:91,0
DA:92,0
DA:95,0
DA:96,0
DA:97,0
DA:98,0
DA:101,0
DA:102,0
DA:103,0
DA:104,0
DA:105,0
DA:106,0
DA:107,0
DA:110,0
DA:111,0
DA:113,0
DA:114,0
DA:115,0
DA:116,0
DA:117,0
DA:118,0
DA:121,0
DA:127,0
DA:129,0
DA:130,0
DA:131,0
DA:132,0
DA:133,0
DA:134,0
DA:135,0
DA:136,0
DA:137,0
DA:138,0
DA:141,0
DA:142,0
DA:143,0
DA:144,0
DA:145,0
DA:146,0
DA:148,0
FNF:1
FNH:0
LF:65
LH:0
BRF:1
BRH:0
end_of_record
TN:
SF:script/06_SeedVault.s.sol
DA:25,0
FN:25,SeedVaultScript.run
FNDA:0,SeedVaultScript.run
DA:26,0
DA:27,0
DA:28,0
DA:29,0
DA:31,0
DA:32,0
DA:35,0
DA:42,0
DA:45,0
DA:46,0
BRDA:46,0,0,-
BRDA:46,0,1,-
DA:47,0
BRDA:47,1,0,-
BRDA:47,1,1,-
DA:49,0
DA:50,0
DA:51,0
DA:52,0
DA:54,0
DA:55,0
DA:56,0
DA:57,0
DA:58,0
DA:59,0
DA:60,0
DA:61,0
FNF:1
FNH:0
LF:24
LH:0
BRF:4
BRH:0
end_of_record
TN:
SF:script/DeployTestTokens.s.sol
DA:18,0
FN:18,DeployTestTokens.run
FNDA:0,DeployTestTokens.run
DA:19,0
DA:20,0
DA:22,0
DA:23,0
DA:25,0
DA:26,0
DA:28,0
DA:32,0
DA:36,0
DA:37,0
DA:38,0
DA:39,0
DA:40,0
DA:41,0
DA:42,0
DA:43,0
DA:44,0
DA:45,0
DA:46,0
FNF:1
FNH:0
LF:20
LH:0
BRF:0
BRH:0
end_of_record
TN:
SF:script/base/BaseScript.sol
DA:35,0
FN:35,BaseScript.constructor
FNDA:0,BaseScript.constructor
DA:36,0
DA:37,0
DA:38,0
DA:41,0
DA:43,0
DA:45,0
DA:47,0
DA:48,0
DA:49,0
DA:50,0
DA:52,0
DA:53,0
DA:54,0
DA:57,0
FN:57,BaseScript._etch
FNDA:0,BaseScript._etch
DA:58,0
BRDA:58,0,0,-
BRDA:58,0,1,-
DA:59,0
DA:61,0
DA:65,0
FN:65,BaseScript.getCurrencies
FNDA:0,BaseScript.getCurrencies
DA:66,0
BRDA:66,1,0,-
BRDA:66,1,1,-
DA:67,0
BRDA:67,2,0,-
BRDA:67,2,1,-
DA:68,0
BRDA:68,3,0,-
BRDA:68,3,1,-
DA:70,0
BRDA:70,4,0,-
BRDA:70,4,1,-
DA:71,0
DA:73,0
DA:77,0
FN:77,BaseScript.getDeployer
FNDA:0,BaseScript.getDeployer
DA:78,0
DA:80,0
BRDA:80,5,0,-
BRDA:80,5,1,-
DA:81,0
DA:83,0
FNF:4
FNH:0
LF:30
LH:0
BRF:12
BRH:0
end_of_record
TN:
SF:script/base/LiquidityHelpers.sol
DA:13,0
FN:13,LiquidityHelpers._mintLiquidityParams
FNDA:0,LiquidityHelpers._mintLiquidityParams
DA:23,0
DA:27,0
DA:28,0
DA:29,0
DA:30,0
DA:31,0
DA:33,0
DA:36,0
FN:36,LiquidityHelpers.tokenApprovals
FNDA:0,LiquidityHelpers.tokenApprovals
DA:37,0
BRDA:37,0,0,-
DA:38,0
DA:39,0
DA:42,0
BRDA:42,1,0,-
DA:43,0
DA:44,0
DA:48,0
FN:48,LiquidityHelpers.truncateTickSpacing
FNDA:0,LiquidityHelpers.truncateTickSpacing
DA:50,0
FNF:3
FNH:0
LF:17
LH:0
BRF:2
BRH:0
end_of_record
TN:
SF:script/testing/00_DeployV4.s.sol
DA:11,0
FN:11,DeployLocalV4.run
FNDA:0,DeployLocalV4.run
DA:12,0
BRDA:12,0,0,-
BRDA:12,0,1,-
DA:28,0
DA:29,0
DA:30,0
DA:32,0
DA:33,0
DA:34,0
DA:35,0
FNF:1
FNH:0
LF:9
LH:0
BRF:2
BRH:0
end_of_record
TN:
SF:src/RecaptureHook.sol
DA:134,65
FN:134,RecaptureHook.constructor
FNDA:65,RecaptureHook.constructor
DA:138,65
DA:143,66
FN:143,RecaptureHook.getHookPermissions
FNDA:66,RecaptureHook.getHookPermissions
DA:144,66
DA:164,95698
FN:164,RecaptureHook._afterAddLiquidity
FNDA:95698,RecaptureHook._afterAddLiquidity
DA:172,95698
DA:174,95698
DA:175,95698
DA:177,95698
BRDA:177,0,0,65
DA:178,65
DA:179,65
DA:180,65
DA:183,95698
DA:184,95698
DA:186,95698
DA:187,95698
DA:188,95698
DA:190,95698
BRDA:190,1,0,69
BRDA:190,1,1,95629
DA:191,69
DA:200,69
DA:201,69
DA:202,69
DA:204,95629
DA:205,95629
DA:206,95629
DA:207,95629
DA:211,95629
DA:212,95629
BRDA:212,2,0,-
BRDA:212,2,1,-
DA:213,95629
DA:214,95629
DA:216,95629
DA:219,95698
DA:224,96220
FN:224,RecaptureHook._beforeSwap
FNDA:96220,RecaptureHook._beforeSwap
DA:230,96220
DA:240,96220
FN:240,RecaptureHook._afterSwap
FNDA:96220,RecaptureHook._afterSwap
DA:247,96220
DA:248,96220
BRDA:248,3,0,47520
DA:250,96220
DA:251,96220
BRDA:251,4,0,1
DA:254,96219
DA:257,96219
DA:260,96219
BRDA:260,5,0,96219
DA:261,96219
DA:262,96219
BRDA:262,6,0,96219
DA:263,96219
DA:270,96219
DA:271,96219
DA:272,96219
BRDA:272,7,0,48053
DA:273,0
BRDA:273,8,0,48053
DA:274,48053
DA:278,48166
DA:279,48166
BRDA:279,9,0,-
DA:281,48166
DA:282,48166
DA:283,48166
DA:285,48166
BRDA:285,10,0,646
DA:287,47520
DA:292,47520
DA:293,47520
DA:295,47520
DA:300,95397
FN:300,RecaptureHook._beforeRemoveLiquidity
FNDA:95397,RecaptureHook._beforeRemoveLiquidity
DA:306,95397
DA:307,95397
DA:308,95397
DA:310,95397
DA:311,95397
BRDA:311,11,0,95395
DA:312,95395
DA:315,95395
BRDA:315,12,0,-
DA:317,95395
DA:319,95395
DA:320,95395
DA:322,95395
BRDA:322,13,0,90364
DA:323,90364
BRDA:323,14,0,90364
DA:325,95395
BRDA:325,15,0,2726
DA:326,2726
DA:327,2726
BRDA:327,16,0,2726
DA:330,95395
DA:331,95395
BRDA:331,17,0,45115
BRDA:331,17,1,50280
DA:333,45115
DA:337,50280
DA:338,50280
DA:341,50280
DA:342,50280
DA:343,50280
DA:346,95395
DA:348,0
DA:357,5
FN:357,RecaptureHook.claimRecapture
FNDA:5,RecaptureHook.claimRecapture
DA:362,5
DA:363,5
DA:365,5
DA:366,5
BRDA:366,18,0,2
DA:367,3
BRDA:367,19,0,-
DA:369,3
DA:371,3
DA:372,3
DA:374,3
BRDA:374,20,0,1
DA:375,1
BRDA:375,21,0,1
DA:377,3
BRDA:377,22,0,1
DA:378,1
DA:379,1
BRDA:379,23,0,1
DA:383,3
DA:384,3
DA:385,3
DA:386,3
DA:388,3
DA:389,3
DA:394,3
FN:394,RecaptureHook.setDefaultFeeDiversionBps
FNDA:3,RecaptureHook.setDefaultFeeDiversionBps
DA:395,3
BRDA:395,24,0,-
BRDA:395,24,1,-
DA:396,3
DA:399,5
FN:399,RecaptureHook.setPoolFeeDiversionBps
FNDA:5,RecaptureHook.setPoolFeeDiversionBps
DA:400,5
BRDA:400,25,0,-
BRDA:400,25,1,-
DA:401,5
DA:404,1
FN:404,RecaptureHook.setLoyaltyParams
FNDA:1,RecaptureHook.setLoyaltyParams
DA:405,1
DA:406,1
DA:409,2
FN:409,RecaptureHook.pause
FNDA:2,RecaptureHook.pause
DA:410,0
DA:413,1
FN:413,RecaptureHook.unpause
FNDA:1,RecaptureHook.unpause
DA:414,0
DA:420,8
FN:420,RecaptureHook.previewRecapture
FNDA:8,RecaptureHook.previewRecapture
DA:431,8
DA:432,8
BRDA:432,26,0,1
DA:433,7
DA:438,25
FN:438,RecaptureHook.positionId
FNDA:25,RecaptureHook.positionId
DA:443,25
DA:449,95405
FN:449,RecaptureHook._computeRecapture
FNDA:95405,RecaptureHook._computeRecapture
DA:460,95405
DA:461,95405
DA:462,95405
DA:463,95405
DA:465,95405
DA:466,95405
DA:469,95405
DA:472,95405
DA:473,95405
DA:474,95405
DA:475,95405
BRDA:475,27,0,-
DA:476,0
DA:479,0
DA:483,2727
FN:483,RecaptureHook._updateForfeitGrowth
FNDA:2727,RecaptureHook._updateForfeitGrowth
DA:484,2727
DA:485,2727
BRDA:485,28,0,2727
DA:486,2727
DA:487,2727
DA:488,2727
DA:492,191125
FN:492,RecaptureHook._positionId
FNDA:191125,RecaptureHook._positionId
DA:497,191125
DA:500,95698
FN:500,RecaptureHook._decodeAddHookData
FNDA:95698,RecaptureHook._decodeAddHookData
DA:505,95698
BRDA:505,29,0,95696
BRDA:505,29,1,1
DA:506,95696
DA:507,2
BRDA:507,30,0,1
BRDA:507,30,1,1
DA:508,1
DA:509,1
DA:511,1
DA:512,1
DA:516,95397
FN:516,RecaptureHook._decodeOwner
FNDA:95397,RecaptureHook._decodeOwner
DA:521,95397
BRDA:521,31,0,95396
BRDA:521,31,1,1
DA:522,95396
DA:524,1
FNF:19
FNH:19
LF:159
LH:153
BRF:40
BRH:30
end_of_record
TN:
SF:src/RecaptureMath.sol
DA:26,96189
FN:26,RecaptureMath.calculateIL
FNDA:96189,RecaptureMath.calculateIL
DA:31,96189
BRDA:31,0,0,3
DA:32,96186
BRDA:32,1,0,4520
DA:35,91666
DA:38,91666
DA:42,91666
BRDA:42,2,0,-
DA:44,91666
DA:47,91666
DA:50,91666
DA:57,522
FN:57,RecaptureMath.calculateRecaptured
FNDA:522,RecaptureMath.calculateRecaptured
DA:62,522
BRDA:62,3,0,11
DA:63,511
DA:64,511
BRDA:64,4,0,227
DA:65,284
DA:69,95922
FN:69,RecaptureMath.recaptureRatio
FNDA:95922,RecaptureMath.recaptureRatio
DA:74,95922
DA:75,95922
BRDA:75,5,0,90952
DA:76,4970
DA:86,95924
FN:86,RecaptureMath.calculateLoyaltyMultiplier
FNDA:95924,RecaptureMath.calculateLoyaltyMultiplier
DA:91,95924
BRDA:91,6,0,728
DA:93,95196
DA:94,95196
DA:95,95196
BRDA:95,7,0,92490
DA:102,774
FN:102,RecaptureMath.calculateEarlyExitForfeit
FNDA:774,RecaptureMath.calculateEarlyExitForfeit
DA:107,774
BRDA:107,8,0,7
DA:108,767
FNF:5
FNH:5
LF:26
LH:26
BRF:9
BRH:8
end_of_record
TN:
SF:src/RecaptureVault.sol
DA:72,47526
FN:72,RecaptureVault.onlyHook
FNDA:47526,RecaptureVault.onlyHook
DA:73,47526
BRDA:73,0,0,1
DA:82,113
FN:82,RecaptureVault.setHook
FNDA:113,RecaptureVault.setHook
DA:83,113
BRDA:83,1,0,-
BRDA:83,1,1,-
DA:84,112
DA:85,113
DA:89,116
FN:89,RecaptureVault.registerPool
FNDA:116,RecaptureVault.registerPool
DA:90,116
BRDA:90,2,0,1
DA:91,115
DA:92,115
DA:97,118
FN:97,RecaptureVault.seedPool
FNDA:118,RecaptureVault.seedPool
DA:98,118
BRDA:98,3,0,1
DA:99,117
DA:100,117
BRDA:100,4,0,1
DA:101,116
DA:102,116
DA:103,116
DA:104,116
DA:105,116
DA:111,0
FN:111,RecaptureVault.setYieldVault
FNDA:0,RecaptureVault.setYieldVault
DA:112,0
DA:113,0
BRDA:113,5,0,-
BRDA:113,5,1,-
DA:114,0
BRDA:114,6,0,-
BRDA:114,6,1,-
DA:117,0
BRDA:117,7,0,-
DA:118,0
DA:119,0
DA:120,0
DA:121,0
DA:122,0
DA:123,0
DA:126,0
DA:127,0
DA:135,47524
FN:135,RecaptureVault.credit
FNDA:47524,RecaptureVault.credit
DA:136,47524
BRDA:136,8,0,1
DA:137,47523
DA:138,47523
BRDA:138,9,0,1
DA:139,47522
DA:140,47522
DA:141,47522
DA:142,47522
DA:148,92426
FN:148,RecaptureVault.payRecapture
FNDA:92426,RecaptureVault.payRecapture
DA:155,92426
BRDA:155,10,0,37
DA:156,92389
DA:157,92389
BRDA:157,11,0,1
DA:159,92388
DA:160,92388
DA:161,92388
BRDA:161,12,0,367
DA:163,92021
DA:164,92021
DA:165,92021
BRDA:165,13,0,-
DA:167,92021
DA:168,92021
DA:169,92021
DA:170,92021
DA:175,2729
FN:175,RecaptureVault.recordForfeit
FNDA:2729,RecaptureVault.recordForfeit
DA:180,2729
DA:181,2729
DA:187,1
FN:187,RecaptureVault.asset
FNDA:1,RecaptureVault.asset
DA:188,1
DA:192,1
FN:192,RecaptureVault.totalAssets
FNDA:1,RecaptureVault.totalAssets
DA:193,1
DA:197,193392
FN:197,RecaptureVault.poolBalance
FNDA:193392,RecaptureVault.poolBalance
DA:198,193392
DA:199,193392
BRDA:199,14,0,-
DA:200,0
DA:201,0
DA:203,193392
DA:208,9
FN:208,RecaptureVault.pause
FNDA:9,RecaptureVault.pause
DA:209,0
DA:212,1
FN:212,RecaptureVault.unpause
FNDA:1,RecaptureVault.unpause
DA:213,0
DA:217,2
FN:217,RecaptureVault.emergencyRescue
FNDA:2,RecaptureVault.emergencyRescue
DA:218,2
DA:219,2
BRDA:219,15,0,1
DA:225,47638
FN:225,RecaptureVault._depositToYield
FNDA:47638,RecaptureVault._depositToYield
DA:226,47638
DA:227,47638
BRDA:227,16,0,47638
DA:228,0
DA:229,0
DA:230,0
DA:231,0
DA:232,0
DA:233,0
DA:237,92021
FN:237,RecaptureVault._ensureBalance
FNDA:92021,RecaptureVault._ensureBalance
DA:238,92021
BRDA:238,17,0,92021
DA:239,0
DA:240,0
BRDA:240,18,0,-
DA:242,0
DA:243,0
DA:244,0
BRDA:244,19,0,-
DA:245,0
BRDA:245,20,0,-
DA:247,0
DA:248,0
DA:249,0
DA:250,0
FNF:16
FNH:15
LF:95
LH:62
BRF:24
BRH:12
end_of_record
TN:
SF:test/RecaptureHook.invariant.t.sol
DA:50,3
FN:50,RecaptureHookHandler.setUp
FNDA:3,RecaptureHookHandler.setUp
DA:51,0
DA:52,3
DA:54,3
DA:56,3
DA:61,3
DA:62,3
DA:63,3
DA:65,3
DA:67,3
DA:68,3
DA:69,3
DA:71,3
DA:72,3
DA:74,3
DA:76,3
DA:77,3
DA:78,3
DA:81,95628
FN:81,RecaptureHookHandler.handler_addLiquidity
FNDA:95628,RecaptureHookHandler.handler_addLiquidity
DA:82,95628
DA:83,95628
DA:86,96198
FN:86,RecaptureHookHandler.handler_swap
FNDA:96198,RecaptureHookHandler.handler_swap
DA:87,96198
DA:88,96198
BRDA:88,0,0,96198
DA:99,97518
FN:99,RecaptureHookHandler.handler_warpTime
FNDA:97518,RecaptureHookHandler.handler_warpTime
DA:100,97518
DA:101,97518
DA:104,95385
FN:104,RecaptureHookHandler.handler_removeLiquidity
FNDA:95385,RecaptureHookHandler.handler_removeLiquidity
DA:105,95385
BRDA:105,1,0,-
DA:106,95385
DA:107,95385
DA:109,95385
DA:110,95385
DA:114,95385
DA:115,5077
BRDA:115,2,0,3864
DA:118,95631
FN:118,RecaptureHookHandler._doAddLiquidity
FNDA:95631,RecaptureHookHandler._doAddLiquidity
DA:119,95631
DA:120,95631
DA:127,95631
DA:130,816
BRDA:130,3,0,3
DA:131,816
FNF:6
FNH:6
LF:41
LH:40
BRF:4
BRH:3
end_of_record
TN:
SF:test/medusa/MedusaMath.sol
DA:23,0
FN:23,MedusaMathTest.check_IL_alwaysLtWAD
FNDA:0,MedusaMathTest.check_IL_alwaysLtWAD
DA:24,0
DA:25,0
DA:26,0
DA:27,0
DA:30,0
FN:30,MedusaMathTest.check_IL_zeroWhenUnchanged
FNDA:0,MedusaMathTest.check_IL_zeroWhenUnchanged
DA:31,0
DA:32,0
DA:35,0
FN:35,MedusaMathTest.check_IL_zeroWhenInputZero
FNDA:0,MedusaMathTest.check_IL_zeroWhenInputZero
DA:36,0
DA:37,0
DA:38,0
DA:41,0
FN:41,MedusaMathTest.check_IL_symmetric
FNDA:0,MedusaMathTest.check_IL_symmetric
DA:42,0
DA:43,0
DA:44,0
DA:45,0
DA:46,0
DA:47,0
DA:55,0
FN:55,MedusaMathTest.check_IL_noRevertAtValidPrices
FNDA:0,MedusaMathTest.check_IL_noRevertAtValidPrices
DA:56,0
BRDA:56,0,0,-
DA:57,0
BRDA:57,1,0,-
DA:59,0
BRDA:59,2,0,-
DA:60,0
DA:61,0
BRDA:61,2,1,-
DA:63,0
DA:67,0
FN:67,MedusaMathTest.callCalculateIL
FNDA:0,MedusaMathTest.callCalculateIL
DA:68,0
DA:73,0
FN:73,MedusaMathTest.check_ratio_bounded
FNDA:0,MedusaMathTest.check_ratio_bounded
DA:74,0
DA:75,0
DA:78,0
FN:78,MedusaMathTest.check_ratio_WADWhenTimeGeDuration
FNDA:0,MedusaMathTest.check_ratio_WADWhenTimeGeDuration
DA:80,0
BRDA:80,3,0,-
DA:81,0
BRDA:81,4,0,-
DA:82,0
DA:85,0
FN:85,MedusaMathTest.check_ratio_zeroAtZeroTime
FNDA:0,MedusaMathTest.check_ratio_zeroAtZeroTime
DA:86,0
DA:91,0
FN:91,MedusaMathTest.check_multiplier_inRange
FNDA:0,MedusaMathTest.check_multiplier_inRange
DA:92,0
DA:93,0
DA:94,0
DA:97,0
FN:97,MedusaMathTest.check_multiplier_WADAtZeroTime
FNDA:0,MedusaMathTest.check_multiplier_WADAtZeroTime
DA:98,0
DA:101,0
FN:101,MedusaMathTest.check_multiplier_WADWithZeroBonus
FNDA:0,MedusaMathTest.check_multiplier_WADWithZeroBonus
DA:102,0
DA:107,0
FN:107,MedusaMathTest.check_recaptured_neverExceedsIL
FNDA:0,MedusaMathTest.check_recaptured_neverExceedsIL
DA:108,0
DA:109,0
DA:110,0
DA:113,0
FN:113,MedusaMathTest.check_recaptured_zeroAtZeroTime
FNDA:0,MedusaMathTest.check_recaptured_zeroAtZeroTime
DA:114,0
DA:115,0
DA:118,0
FN:118,MedusaMathTest.check_recaptured_fullAfterDuration
FNDA:0,MedusaMathTest.check_recaptured_fullAfterDuration
DA:119,0
DA:120,0
BRDA:120,5,0,-
DA:122,0
DA:127,0
FN:127,MedusaMathTest.check_forfeit_neverExceedsAmount
FNDA:0,MedusaMathTest.check_forfeit_neverExceedsAmount
DA:128,0
DA:129,0
DA:130,0
DA:133,0
FN:133,MedusaMathTest.check_forfeit_zeroAtFullRatio
FNDA:0,MedusaMathTest.check_forfeit_zeroAtFullRatio
DA:134,0
DA:137,0
FN:137,MedusaMathTest.check_forfeit_allAtZeroRatio
FNDA:0,MedusaMathTest.check_forfeit_allAtZeroRatio
DA:138,0
DA:141,0
FN:141,MedusaMathTest.check_forfeit_conservation
FNDA:0,MedusaMathTest.check_forfeit_conservation
DA:142,0
DA:143,0
DA:144,0
DA:146,0
FNF:19
FNH:0
LF:69
LH:0
BRF:7
BRH:0
end_of_record
TN:
SF:test/medusa/MedusaVault.sol
DA:33,0
FN:33,MedusaVaultTest.constructor
FNDA:0,MedusaVaultTest.constructor
DA:34,0
DA:35,0
DA:37,0
DA:38,0
DA:41,0
DA:42,0
DA:47,0
FN:47,MedusaVaultTest.handler_seed
FNDA:0,MedusaVaultTest.handler_seed
DA:48,0
BRDA:48,0,0,-
DA:49,0
BRDA:49,1,0,-
DA:50,0
DA:51,0
DA:54,0
FN:54,MedusaVaultTest.handler_payRecipient1
FNDA:0,MedusaVaultTest.handler_payRecipient1
DA:55,0
BRDA:55,2,0,-
DA:56,0
DA:57,0
DA:60,0
FN:60,MedusaVaultTest.handler_payRecipient2
FNDA:0,MedusaVaultTest.handler_payRecipient2
DA:61,0
BRDA:61,3,0,-
DA:62,0
DA:63,0
DA:66,0
FN:66,MedusaVaultTest.handler_credit
FNDA:0,MedusaVaultTest.handler_credit
DA:67,0
BRDA:67,4,0,-
DA:69,0
DA:70,0
DA:71,0
DA:74,0
FN:74,MedusaVaultTest.handler_recordForfeit
FNDA:0,MedusaVaultTest.handler_recordForfeit
DA:76,0
DA:79,0
FN:79,MedusaVaultTest.handler_payZero
FNDA:0,MedusaVaultTest.handler_payZero
DA:80,0
DA:81,0
DA:84,0
FN:84,MedusaVaultTest.handler_creditZero
FNDA:0,MedusaVaultTest.handler_creditZero
DA:86,0
DA:92,0
FN:92,MedusaVaultTest.property_solvency
FNDA:0,MedusaVaultTest.property_solvency
DA:93,0
DA:95,0
DA:99,0
FN:99,MedusaVaultTest.property_tokenMatchesPool
FNDA:0,MedusaVaultTest.property_tokenMatchesPool
DA:100,0
DA:101,0
DA:102,0
DA:106,0
FN:106,MedusaVaultTest.property_recipientsBalance
FNDA:0,MedusaVaultTest.property_recipientsBalance
DA:107,0
DA:108,0
DA:109,0
DA:113,0
FN:113,MedusaVaultTest.property_poolBalanceBounded
FNDA:0,MedusaVaultTest.property_poolBalanceBounded
DA:114,0
DA:118,0
FN:118,MedusaVaultTest.property_unregisteredPoolClean
FNDA:0,MedusaVaultTest.property_unregisteredPoolClean
DA:119,0
FNF:13
FNH:0
LF:47
LH:0
BRF:5
BRH:0
end_of_record
TN:
SF:test/utils/BaseTest.sol
DA:10,65
FN:10,BaseTest.deployArtifactsAndLabel
FNDA:65,BaseTest.deployArtifactsAndLabel
DA:11,0
DA:13,65
DA:14,65
DA:15,65
DA:16,65
DA:19,71
FN:19,BaseTest.deployCurrencyPair
FNDA:71,BaseTest.deployCurrencyPair
DA:20,71
DA:22,71
DA:23,71
DA:26,71
FN:26,BaseTest._etch
FNDA:71,BaseTest._etch
DA:27,71
FNF:3
FNH:3
LF:12
LH:11
BRF:0
BRH:0
end_of_record
TN:
SF:test/utils/Deployers.sol
DA:37,142
FN:37,Deployers.deployToken
FNDA:142,Deployers.deployToken
DA:38,142
DA:39,142
DA:41,142
DA:42,142
DA:44,142
DA:45,142
DA:48,71
FN:48,Deployers.deployCurrencyPair
FNDA:71,Deployers.deployCurrencyPair
DA:49,71
DA:50,71
DA:52,71
BRDA:52,0,0,71
DA:53,71
DA:56,71
DA:57,71
DA:60,71
FN:60,Deployers.deployPermit2
FNDA:71,Deployers.deployPermit2
DA:61,71
DA:63,71
BRDA:63,1,0,-
BRDA:63,1,1,71
DA:66,71
DA:69,71
DA:72,71
FN:72,Deployers.deployPoolManager
FNDA:71,Deployers.deployPoolManager
DA:73,71
BRDA:73,2,0,71
BRDA:73,2,1,-
DA:74,71
DA:76,0
DA:80,71
FN:80,Deployers.deployPositionManager
FNDA:71,Deployers.deployPositionManager
DA:81,71
BRDA:81,3,0,71
BRDA:81,3,1,-
DA:82,71
DA:88,0
DA:92,71
FN:92,Deployers.deployRouter
FNDA:71,Deployers.deployRouter
DA:93,71
BRDA:93,4,0,71
BRDA:93,4,1,-
DA:94,71
DA:96,0
DA:100,0
FN:100,Deployers._etch
FNDA:0,Deployers._etch
DA:101,0
DA:104,71
FN:104,Deployers.deployArtifacts
FNDA:71,Deployers.deployArtifacts
DA:106,0
DA:107,0
DA:108,0
DA:109,0
FNF:8
FNH:7
LF:38
LH:29
BRF:9
BRH:5
end_of_record
TN:
SF:test/utils/libraries/EasyPosm.sol
DA:31,95704
FN:31,EasyPosm.mint
FNDA:95704,EasyPosm.mint
DA:43,95704
DA:45,95704
DA:52,95704
DA:56,95704
DA:58,95704
DA:59,95704
DA:60,95704
DA:63,95704
DA:64,95704
DA:65,95704
DA:67,889
DA:73,2
FN:73,EasyPosm.increaseLiquidity
FNDA:2,EasyPosm.increaseLiquidity
DA:82,2
DA:84,2
DA:85,2
DA:86,2
DA:87,2
DA:89,2
DA:90,2
DA:92,2
DA:93,2
DA:103,2
DA:109,95398
FN:109,EasyPosm.decreaseLiquidity
FNDA:95398,EasyPosm.decreaseLiquidity
DA:119,95398
DA:121,95398
DA:122,95398
DA:123,95398
DA:125,95398
DA:126,95398
DA:128,95398
DA:132,5090
DA:138,0
FN:138,EasyPosm.collect
FNDA:0,EasyPosm.collect
DA:147,0
DA:149,0
DA:151,0
DA:152,0
DA:154,0
DA:155,0
DA:157,0
DA:161,0
DA:167,1
FN:167,EasyPosm.burn
FNDA:1,EasyPosm.burn
DA:176,1
DA:178,1
DA:179,1
DA:180,1
DA:182,1
DA:183,1
DA:185,1
DA:189,1
DA:195,95401
FN:195,EasyPosm.getCurrencies
FNDA:95401,EasyPosm.getCurrencies
DA:200,95401
DA:201,95401
FNF:6
FNH:5
LF:53
LH:44
BRF:0
BRH:0
end_of_record
