TN:
SF:script/00_DeployHook.s.sol
DA:21,0
FN:21,DeployHookScript.run
FNDA:0,DeployHookScript.run
DA:28,0
DA:36,0
DA:39,0
DA:40,0
DA:43,0
DA:44,0
DA:45,0
DA:46,0
DA:49,0
DA:50,0
BRDA:50,0,0,-
BRDA:50,0,1,-
DA:53,0
DA:55,0
DA:58,0
DA:59,0
DA:60,0
DA:61,0
DA:62,0
DA:63,0
DA:64,0
DA:65,0
DA:66,0
DA:67,0
DA:68,0
DA:69,0
DA:70,0
DA:71,0
FNF:1
FNH:0
LF:27
LH:0
BRF:2
BRH:0
end_of_record
TN:
SF:script/01_CreatePoolAndAddLiquidity.s.sol
DA:35,0
FN:35,CreatePoolAndAddLiquidityScript.run
FNDA:0,CreatePoolAndAddLiquidityScript.run
DA:36,0
DA:45,0
DA:47,0
DA:49,0
DA:50,0
DA:53,0
DA:62,0
DA:63,0
DA:65,0
DA:70,0
DA:73,0
DA:76,0
DA:81,0
DA:83,0
DA:84,0
DA:87,0
DA:88,0
FNF:1
FNH:0
LF:18
LH:0
BRF:0
BRH:0
end_of_record
TN:
SF:script/02_AddLiquidity.s.sol
DA:37,0
FN:37,AddLiquidityScript.run
FNDA:0,AddLiquidityScript.run
DA:38,0
DA:46,0
DA:48,0
DA:50,0
DA:52,0
DA:53,0
DA:56,0
DA:65,0
DA:66,0
DA:68,0
DA:73,0
DA:76,0
DA:81,0
DA:83,0
DA:84,0
DA:87,0
DA:88,0
FNF:1
FNH:0
LF:18
LH:0
BRF:0
BRH:0
end_of_record
TN:
SF:script/03_Swap.s.sol
DA:9,0
FN:9,SwapScript.run
FNDA:0,SwapScript.run
DA:10,0
DA:17,0
DA:19,0
DA:22,0
DA:23,0
DA:26,0
DA:36,0
FNF:1
FNH:0
LF:8
LH:0
BRF:0
BRH:0
end_of_record
TN:
SF:script/04_RemoveLiquidity.s.sol
DA:38,0
FN:38,RemoveLiquidityScript.run
FNDA:0,RemoveLiquidityScript.run
DA:40,0
DA:41,0
DA:43,0
DA:51,0
DA:54,0
DA:57,0
DA:61,0
DA:66,0
DA:68,0
DA:70,0
DA:72,0
DA:73,0
DA:79,0
DA:80,0
DA:81,0
DA:82,0
DA:83,0
DA:84,0
DA:85,0
DA:87,0
DA:88,0
DA:89,0
DA:91,0
DA:92,0
DA:93,0
DA:94,0
FNF:1
FNH:0
LF:27
LH:0
BRF:0
BRH:0
end_of_record
TN:
SF:script/05_CheckPosition.s.sol
DA:40,0
FN:40,CheckPositionScript.run
FNDA:0,CheckPositionScript.run
DA:42,0
DA:43,0
DA:44,0
DA:46,0
DA:54,0
DA:57,0
DA:58,0
DA:61,0
DA:69,0
DA:72,0
DA:74,0
DA:75,0
DA:76,0
DA:77,0
DA:79,0
BRDA:79,0,0,-
DA:80,0
DA:81,0
DA:82,0
DA:83,0
DA:84,0
DA:85,0
DA:86,0
DA:89,0
DA:90,0
DA:91,0
DA:92,0
DA:95,0
DA:96,0
DA:97,0
DA:98,0
DA:101,0
DA:102,0
DA:103,0
DA:104,0
DA:105,0
DA:106,0
DA:107,0
DA:110,0
DA:111,0
DA:113,0
DA:114,0
DA:115,0
DA:116,0
DA:117,0
DA:118,0
DA:121,0
DA:127,0
DA:129,0
DA:130,0
DA:131,0
DA:132,0
DA:133,0
DA:134,0
DA:135,0
DA:136,0
DA:137,0
DA:138,0
DA:141,0
DA:142,0
DA:143,0
DA:144,0
DA:145,0
DA:146,0
DA:148,0
FNF:1
FNH:0
LF:65
LH:0
BRF:1
BRH:0
end_of_record
TN:
SF:script/06_SeedVault.s.sol
DA:25,0
FN:25,SeedVaultScript.run
FNDA:0,SeedVaultScript.run
DA:26,0
DA:27,0
DA:28,0
DA:29,0
DA:31,0
DA:32,0
DA:35,0
DA:42,0
DA:45,0
DA:46,0
BRDA:46,0,0,-
BRDA:46,0,1,-
DA:47,0
BRDA:47,1,0,-
BRDA:47,1,1,-
DA:49,0
DA:50,0
DA:51,0
DA:52,0
DA:54,0
DA:55,0
DA:56,0
DA:57,0
DA:58,0
DA:59,0
DA:60,0
DA:61,0
FNF:1
FNH:0
LF:24
LH:0
BRF:4
BRH:0
end_of_record
TN:
SF:script/DeployTestTokens.s.sol
DA:18,0
FN:18,DeployTestTokens.run
FNDA:0,DeployTestTokens.run
DA:19,0
DA:20,0
DA:22,0
DA:23,0
DA:25,0
DA:26,0
DA:28,0
DA:32,0
DA:36,0
DA:37,0
DA:38,0
DA:39,0
DA:40,0
DA:41,0
DA:42,0
DA:43,0
DA:44,0
DA:45,0
DA:46,0
FNF:1
FNH:0
LF:20
LH:0
BRF:0
BRH:0
end_of_record
TN:
SF:script/base/BaseScript.sol
DA:35,0
FN:35,BaseScript.constructor
FNDA:0,BaseScript.constructor
DA:36,0
DA:37,0
DA:38,0
DA:41,0
DA:43,0
DA:45,0
DA:47,0
DA:48,0
DA:49,0
DA:50,0
DA:52,0
DA:53,0
DA:54,0
DA:57,0
FN:57,BaseScript._etch
FNDA:0,BaseScript._etch
DA:58,0
BRDA:58,0,0,-
BRDA:58,0,1,-
DA:59,0
DA:61,0
DA:65,0
FN:65,BaseScript.getCurrencies
FNDA:0,BaseScript.getCurrencies
DA:66,0
BRDA:66,1,0,-
BRDA:66,1,1,-
DA:67,0
BRDA:67,2,0,-
BRDA:67,2,1,-
DA:68,0
BRDA:68,3,0,-
BRDA:68,3,1,-
DA:70,0
BRDA:70,4,0,-
BRDA:70,4,1,-
DA:71,0
DA:73,0
DA:77,0
FN:77,BaseScript.getDeployer
FNDA:0,BaseScript.getDeployer
DA:78,0
DA:80,0
BRDA:80,5,0,-
BRDA:80,5,1,-
DA:81,0
DA:83,0
FNF:4
FNH:0
LF:30
LH:0
BRF:12
BRH:0
end_of_record
TN:
SF:script/base/LiquidityHelpers.sol
DA:13,0
FN:13,LiquidityHelpers._mintLiquidityParams
FNDA:0,LiquidityHelpers._mintLiquidityParams
DA:23,0
DA:27,0
DA:28,0
DA:29,0
DA:30,0
DA:31,0
DA:33,0
DA:36,0
FN:36,LiquidityHelpers.tokenApprovals
FNDA:0,LiquidityHelpers.tokenApprovals
DA:37,0
BRDA:37,0,0,-
DA:38,0
DA:39,0
DA:42,0
BRDA:42,1,0,-
DA:43,0
DA:44,0
DA:48,0
FN:48,LiquidityHelpers.truncateTickSpacing
FNDA:0,LiquidityHelpers.truncateTickSpacing
DA:50,0
FNF:3
FNH:0
LF:17
LH:0
BRF:2
BRH:0
end_of_record
TN:
SF:script/testing/00_DeployV4.s.sol
DA:11,0
FN:11,DeployLocalV4.run
FNDA:0,DeployLocalV4.run
DA:12,0
BRDA:12,0,0,-
BRDA:12,0,1,-
DA:28,0
DA:29,0
DA:30,0
DA:32,0
DA:33,0
DA:34,0
DA:35,0
FNF:1
FNH:0
LF:9
LH:0
BRF:2
BRH:0
end_of_record
TN:
SF:src/RecaptureHook.sol
DA:134,77
FN:134,RecaptureHook.constructor
FNDA:77,RecaptureHook.constructor
DA:138,77
DA:143,78
FN:143,RecaptureHook.getHookPermissions
FNDA:78,RecaptureHook.getHookPermissions
DA:144,78
DA:164,95711
FN:164,RecaptureHook._afterAddLiquidity
FNDA:95711,RecaptureHook._afterAddLiquidity
DA:172,95711
DA:174,95711
DA:175,95711
DA:177,95711
BRDA:177,0,0,77
DA:178,77
DA:179,77
DA:180,77
DA:183,95711
DA:184,95711
DA:186,95711
DA:187,95711
DA:188,95711
DA:190,95711
BRDA:190,1,0,82
BRDA:190,1,1,95629
DA:191,82
DA:200,82
DA:201,82
DA:202,82
DA:204,95629
DA:205,95629
DA:206,95629
DA:207,95629
DA:211,95629
DA:212,95629
BRDA:212,2,0,-
BRDA:212,2,1,-
DA:213,95629
DA:214,95629
DA:216,95629
DA:219,95711
DA:224,96223
FN:224,RecaptureHook._beforeSwap
FNDA:96223,RecaptureHook._beforeSwap
DA:230,96223
DA:240,96223
FN:240,RecaptureHook._afterSwap
FNDA:96223,RecaptureHook._afterSwap
DA:247,96223
DA:248,96223
BRDA:248,3,0,47529
DA:250,96223
DA:251,96223
BRDA:251,4,0,2
DA:254,96221
DA:257,96221
DA:260,96221
BRDA:260,5,0,96221
DA:261,96221
DA:262,96221
BRDA:262,6,0,96221
DA:263,96221
DA:270,96221
DA:271,96221
DA:272,96221
BRDA:272,7,0,48054
DA:273,0
BRDA:273,8,0,48054
DA:274,48054
DA:278,48167
DA:279,48167
BRDA:279,9,0,-
DA:281,48167
DA:282,48167
DA:283,48167
DA:285,48167
BRDA:285,10,0,638
DA:287,47529
DA:292,47529
DA:293,47529
DA:295,47529
DA:300,95401
FN:300,RecaptureHook._beforeRemoveLiquidity
FNDA:95401,RecaptureHook._beforeRemoveLiquidity
DA:306,95401
DA:307,95401
DA:308,95401
DA:310,95401
DA:311,95401
BRDA:311,11,0,95398
DA:312,95398
DA:315,95398
BRDA:315,12,0,-
DA:317,95398
DA:319,95398
DA:320,95398
DA:322,95398
BRDA:322,13,0,90160
DA:323,90160
BRDA:323,14,0,90160
DA:325,95398
BRDA:325,15,0,2790
DA:326,2790
DA:327,2790
BRDA:327,16,0,2790
DA:330,95398
DA:331,95398
BRDA:331,17,0,45681
BRDA:331,17,1,49717
DA:333,45681
DA:337,49717
DA:338,49717
DA:341,49717
DA:342,49717
DA:343,49717
DA:346,95398
DA:348,0
DA:357,6
FN:357,RecaptureHook.claimRecapture
FNDA:6,RecaptureHook.claimRecapture
DA:362,6
DA:363,6
DA:365,6
DA:366,6
BRDA:366,18,0,2
DA:367,4
BRDA:367,19,0,-
DA:369,4
DA:371,4
DA:372,4
DA:374,4
BRDA:374,20,0,2
DA:375,2
BRDA:375,21,0,2
DA:377,4
BRDA:377,22,0,2
DA:378,2
DA:379,2
BRDA:379,23,0,2
DA:383,4
DA:384,4
DA:385,4
DA:386,4
DA:388,4
DA:389,4
DA:394,4
FN:394,RecaptureHook.setDefaultFeeDiversionBps
FNDA:4,RecaptureHook.setDefaultFeeDiversionBps
DA:395,4
BRDA:395,24,0,-
BRDA:395,24,1,-
DA:396,4
DA:399,7
FN:399,RecaptureHook.setPoolFeeDiversionBps
FNDA:7,RecaptureHook.setPoolFeeDiversionBps
DA:400,7
BRDA:400,25,0,-
BRDA:400,25,1,-
DA:401,7
DA:404,1
FN:404,RecaptureHook.setLoyaltyParams
FNDA:1,RecaptureHook.setLoyaltyParams
DA:405,1
DA:406,1
DA:409,5
FN:409,RecaptureHook.pause
FNDA:5,RecaptureHook.pause
DA:410,0
DA:413,2
FN:413,RecaptureHook.unpause
FNDA:2,RecaptureHook.unpause
DA:414,0
DA:420,9
FN:420,RecaptureHook.previewRecapture
FNDA:9,RecaptureHook.previewRecapture
DA:431,9
DA:432,9
BRDA:432,26,0,2
DA:433,7
DA:438,29
FN:438,RecaptureHook.positionId
FNDA:29,RecaptureHook.positionId
DA:443,29
DA:449,95409
FN:449,RecaptureHook._computeRecapture
FNDA:95409,RecaptureHook._computeRecapture
DA:460,95409
DA:461,95409
DA:462,95409
DA:463,95409
DA:465,95409
DA:466,95409
DA:469,95409
DA:472,95409
DA:473,95409
DA:474,95409
DA:475,95409
BRDA:475,27,0,1
DA:476,1
DA:479,1
DA:483,2792
FN:483,RecaptureHook._updateForfeitGrowth
FNDA:2792,RecaptureHook._updateForfeitGrowth
DA:484,2792
DA:485,2792
BRDA:485,28,0,2792
DA:486,2792
DA:487,2792
DA:488,2792
DA:492,191147
FN:492,RecaptureHook._positionId
FNDA:191147,RecaptureHook._positionId
DA:497,191147
DA:500,95711
FN:500,RecaptureHook._decodeAddHookData
FNDA:95711,RecaptureHook._decodeAddHookData
DA:505,95711
BRDA:505,29,0,95709
BRDA:505,29,1,1
DA:506,95709
DA:507,2
BRDA:507,30,0,1
BRDA:507,30,1,1
DA:508,1
DA:509,1
DA:511,1
DA:512,1
DA:516,95401
FN:516,RecaptureHook._decodeOwner
FNDA:95401,RecaptureHook._decodeOwner
DA:521,95401
BRDA:521,31,0,95400
BRDA:521,31,1,1
DA:522,95400
DA:524,1
FNF:19
FNH:19
LF:159
LH:155
BRF:40
BRH:31
end_of_record
TN:
SF:src/RecaptureMath.sol
DA:26,96193
FN:26,RecaptureMath.calculateIL
FNDA:96193,RecaptureMath.calculateIL
DA:31,96193
BRDA:31,0,0,3
DA:32,96190
BRDA:32,1,0,4723
DA:35,91467
DA:38,91467
DA:42,91467
BRDA:42,2,0,-
DA:44,91467
DA:47,91467
DA:50,91467
DA:57,522
FN:57,RecaptureMath.calculateRecaptured
FNDA:522,RecaptureMath.calculateRecaptured
DA:62,522
BRDA:62,3,0,11
DA:63,511
DA:64,511
BRDA:64,4,0,217
DA:65,294
DA:69,95926
FN:69,RecaptureMath.recaptureRatio
FNDA:95926,RecaptureMath.recaptureRatio
DA:74,95926
DA:75,95926
BRDA:75,5,0,90833
DA:76,5093
DA:86,95928
FN:86,RecaptureMath.calculateLoyaltyMultiplier
FNDA:95928,RecaptureMath.calculateLoyaltyMultiplier
DA:91,95928
BRDA:91,6,0,732
DA:93,95196
DA:94,95196
DA:95,95196
BRDA:95,7,0,92349
DA:102,774
FN:102,RecaptureMath.calculateEarlyExitForfeit
FNDA:774,RecaptureMath.calculateEarlyExitForfeit
DA:107,774
BRDA:107,8,0,7
DA:108,767
FNF:5
FNH:5
LF:26
LH:26
BRF:9
BRH:8
end_of_record
TN:
SF:src/RecaptureVault.sol
DA:72,47537
FN:72,RecaptureVault.onlyHook
FNDA:47537,RecaptureVault.onlyHook
DA:73,47537
BRDA:73,0,0,1
DA:82,148
FN:82,RecaptureVault.setHook
FNDA:148,RecaptureVault.setHook
DA:83,148
BRDA:83,1,0,-
BRDA:83,1,1,-
DA:84,147
DA:85,148
DA:89,151
FN:89,RecaptureVault.registerPool
FNDA:151,RecaptureVault.registerPool
DA:90,151
BRDA:90,2,0,1
DA:91,150
DA:92,150
DA:97,144
FN:97,RecaptureVault.seedPool
FNDA:144,RecaptureVault.seedPool
DA:98,144
BRDA:98,3,0,1
DA:99,143
DA:100,143
BRDA:100,4,0,1
DA:101,142
DA:102,142
DA:103,142
DA:104,142
DA:105,142
DA:111,13
FN:111,RecaptureVault.setYieldVault
FNDA:13,RecaptureVault.setYieldVault
DA:112,13
DA:113,13
BRDA:113,5,0,-
BRDA:113,5,1,-
DA:114,12
BRDA:114,6,0,-
BRDA:114,6,1,-
DA:117,13
BRDA:117,7,0,3
DA:118,3
DA:119,3
DA:120,3
DA:121,3
DA:122,3
DA:123,3
DA:126,11
DA:127,11
DA:135,47534
FN:135,RecaptureVault.credit
FNDA:47534,RecaptureVault.credit
DA:136,47534
BRDA:136,8,0,1
DA:137,47533
DA:138,47533
BRDA:138,9,0,1
DA:139,47532
DA:140,47532
DA:141,47532
DA:142,47532
DA:148,92227
FN:148,RecaptureVault.payRecapture
FNDA:92227,RecaptureVault.payRecapture
DA:155,92227
BRDA:155,10,0,37
DA:156,92190
DA:157,92190
BRDA:157,11,0,1
DA:159,92189
DA:160,92189
DA:161,92189
BRDA:161,12,0,367
DA:163,91822
DA:164,91822
DA:165,91822
BRDA:165,13,0,-
DA:167,91822
DA:168,91822
DA:169,91822
DA:170,91822
DA:175,2794
FN:175,RecaptureVault.recordForfeit
FNDA:2794,RecaptureVault.recordForfeit
DA:180,2794
DA:181,2794
DA:187,1
FN:187,RecaptureVault.asset
FNDA:1,RecaptureVault.asset
DA:188,1
DA:192,2
FN:192,RecaptureVault.totalAssets
FNDA:2,RecaptureVault.totalAssets
DA:193,2
DA:197,193509
FN:197,RecaptureVault.poolBalance
FNDA:193509,RecaptureVault.poolBalance
DA:198,193509
DA:199,193509
BRDA:199,14,0,7
DA:200,7
DA:201,7
DA:203,193502
DA:208,16
FN:208,RecaptureVault.pause
FNDA:16,RecaptureVault.pause
DA:209,0
DA:212,2
FN:212,RecaptureVault.unpause
FNDA:2,RecaptureVault.unpause
DA:213,0
DA:217,4
FN:217,RecaptureVault.emergencyRescue
FNDA:4,RecaptureVault.emergencyRescue
DA:218,4
DA:219,4
BRDA:219,15,0,2
DA:225,47674
FN:225,RecaptureVault._depositToYield
FNDA:47674,RecaptureVault._depositToYield
DA:226,47674
DA:227,47674
BRDA:227,16,0,47667
DA:228,7
DA:229,7
DA:230,7
DA:231,7
DA:232,7
DA:233,7
DA:237,91822
FN:237,RecaptureVault._ensureBalance
FNDA:91822,RecaptureVault._ensureBalance
DA:238,91822
BRDA:238,17,0,91819
DA:239,3
DA:240,3
BRDA:240,18,0,-
DA:242,3
DA:243,3
DA:244,3
BRDA:244,19,0,-
DA:245,3
BRDA:245,20,0,-
DA:247,3
DA:248,3
DA:249,3
DA:250,3
FNF:16
FNH:16
LF:95
LH:93
BRF:24
BRH:14
end_of_record
TN:
SF:test/RecaptureHook.invariant.t.sol
DA:50,3
FN:50,RecaptureHookHandler.setUp
FNDA:3,RecaptureHookHandler.setUp
DA:51,0
DA:52,3
DA:54,3
DA:56,3
DA:61,3
DA:62,3
DA:63,3
DA:65,3
DA:67,3
DA:68,3
DA:69,3
DA:71,3
DA:72,3
DA:74,3
DA:76,3
DA:77,3
DA:78,3
DA:81,95628
FN:81,RecaptureHookHandler.handler_addLiquidity
FNDA:95628,RecaptureHookHandler.handler_addLiquidity
DA:82,95628
DA:83,95628
DA:86,96198
FN:86,RecaptureHookHandler.handler_swap
FNDA:96198,RecaptureHookHandler.handler_swap
DA:87,96198
DA:88,96198
BRDA:88,0,0,96198
DA:99,97518
FN:99,RecaptureHookHandler.handler_warpTime
FNDA:97518,RecaptureHookHandler.handler_warpTime
DA:100,97518
DA:101,97518
DA:104,95385
FN:104,RecaptureHookHandler.handler_removeLiquidity
FNDA:95385,RecaptureHookHandler.handler_removeLiquidity
DA:105,95385
BRDA:105,1,0,-
DA:106,95385
DA:107,95385
DA:109,95385
DA:110,95385
DA:114,95385
DA:115,5384
BRDA:115,2,0,4098
DA:118,95631
FN:118,RecaptureHookHandler._doAddLiquidity
FNDA:95631,RecaptureHookHandler._doAddLiquidity
DA:119,95631
DA:120,95631
DA:127,95631
DA:130,816
BRDA:130,3,0,3
DA:131,816
FNF:6
FNH:6
LF:41
LH:40
BRF:4
BRH:3
end_of_record
TN:
SF:test/medusa/MedusaMath.sol
DA:23,0
FN:23,MedusaMathTest.check_IL_alwaysLtWAD
FNDA:0,MedusaMathTest.check_IL_alwaysLtWAD
DA:24,0
DA:25,0
DA:26,0
DA:27,0
DA:30,0
FN:30,MedusaMathTest.check_IL_zeroWhenUnchanged
FNDA:0,MedusaMathTest.check_IL_zeroWhenUnchanged
DA:31,0
DA:32,0
DA:35,0
FN:35,MedusaMathTest.check_IL_zeroWhenInputZero
FNDA:0,MedusaMathTest.check_IL_zeroWhenInputZero
DA:36,0
DA:37,0
DA:38,0
DA:41,0
FN:41,MedusaMathTest.check_IL_symmetric
FNDA:0,MedusaMathTest.check_IL_symmetric
DA:42,0
DA:43,0
DA:44,0
DA:45,0
DA:46,0
DA:47,0
DA:55,0
FN:55,MedusaMathTest.check_IL_noRevertAtValidPrices
FNDA:0,MedusaMathTest.check_IL_noRevertAtValidPrices
DA:56,0
BRDA:56,0,0,-
DA:57,0
BRDA:57,1,0,-
DA:59,0
BRDA:59,2,0,-
DA:60,0
DA:61,0
BRDA:61,2,1,-
DA:63,0
DA:67,0
FN:67,MedusaMathTest.callCalculateIL
FNDA:0,MedusaMathTest.callCalculateIL
DA:68,0
DA:73,0
FN:73,MedusaMathTest.check_ratio_bounded
FNDA:0,MedusaMathTest.check_ratio_bounded
DA:74,0
DA:75,0
DA:78,0
FN:78,MedusaMathTest.check_ratio_WADWhenTimeGeDuration
FNDA:0,MedusaMathTest.check_ratio_WADWhenTimeGeDuration
DA:80,0
BRDA:80,3,0,-
DA:81,0
BRDA:81,4,0,-
DA:82,0
DA:85,0
FN:85,MedusaMathTest.check_ratio_zeroAtZeroTime
FNDA:0,MedusaMathTest.check_ratio_zeroAtZeroTime
DA:86,0
DA:91,0
FN:91,MedusaMathTest.check_multiplier_inRange
FNDA:0,MedusaMathTest.check_multiplier_inRange
DA:92,0
DA:93,0
DA:94,0
DA:97,0
FN:97,MedusaMathTest.check_multiplier_WADAtZeroTime
FNDA:0,MedusaMathTest.check_multiplier_WADAtZeroTime
DA:98,0
DA:101,0
FN:101,MedusaMathTest.check_multiplier_WADWithZeroBonus
FNDA:0,MedusaMathTest.check_multiplier_WADWithZeroBonus
DA:102,0
DA:107,0
FN:107,MedusaMathTest.check_recaptured_neverExceedsIL
FNDA:0,MedusaMathTest.check_recaptured_neverExceedsIL
DA:108,0
DA:109,0
DA:110,0
DA:113,0
FN:113,MedusaMathTest.check_recaptured_zeroAtZeroTime
FNDA:0,MedusaMathTest.check_recaptured_zeroAtZeroTime
DA:114,0
DA:115,0
DA:118,0
FN:118,MedusaMathTest.check_recaptured_fullAfterDuration
FNDA:0,MedusaMathTest.check_recaptured_fullAfterDuration
DA:119,0
DA:120,0
BRDA:120,5,0,-
DA:122,0
DA:127,0
FN:127,MedusaMathTest.check_forfeit_neverExceedsAmount
FNDA:0,MedusaMathTest.check_forfeit_neverExceedsAmount
DA:128,0
DA:129,0
DA:130,0
DA:133,0
FN:133,MedusaMathTest.check_forfeit_zeroAtFullRatio
FNDA:0,MedusaMathTest.check_forfeit_zeroAtFullRatio
DA:134,0
DA:137,0
FN:137,MedusaMathTest.check_forfeit_allAtZeroRatio
FNDA:0,MedusaMathTest.check_forfeit_allAtZeroRatio
DA:138,0
DA:141,0
FN:141,MedusaMathTest.check_forfeit_conservation
FNDA:0,MedusaMathTest.check_forfeit_conservation
DA:142,0
DA:143,0
DA:144,0
DA:146,0
FNF:19
FNH:0
LF:69
LH:0
BRF:7
BRH:0
end_of_record
TN:
SF:test/medusa/MedusaVault.sol
DA:33,0
FN:33,MedusaVaultTest.constructor
FNDA:0,MedusaVaultTest.constructor
DA:34,0
DA:35,0
DA:37,0
DA:38,0
DA:41,0
DA:42,0
DA:47,0
FN:47,MedusaVaultTest.handler_seed
FNDA:0,MedusaVaultTest.handler_seed
DA:48,0
BRDA:48,0,0,-
DA:49,0
BRDA:49,1,0,-
DA:50,0
DA:51,0
DA:54,0
FN:54,MedusaVaultTest.handler_payRecipient1
FNDA:0,MedusaVaultTest.handler_payRecipient1
DA:55,0
BRDA:55,2,0,-
DA:56,0
DA:57,0
DA:60,0
FN:60,MedusaVaultTest.handler_payRecipient2
FNDA:0,MedusaVaultTest.handler_payRecipient2
DA:61,0
BRDA:61,3,0,-
DA:62,0
DA:63,0
DA:66,0
FN:66,MedusaVaultTest.handler_credit
FNDA:0,MedusaVaultTest.handler_credit
DA:67,0
BRDA:67,4,0,-
DA:70,0
DA:71,0
DA:72,0
DA:75,0
FN:75,MedusaVaultTest.handler_recordForfeit
FNDA:0,MedusaVaultTest.handler_recordForfeit
DA:77,0
DA:80,0
FN:80,MedusaVaultTest.handler_payZero
FNDA:0,MedusaVaultTest.handler_payZero
DA:81,0
DA:82,0
DA:85,0
FN:85,MedusaVaultTest.handler_creditZero
FNDA:0,MedusaVaultTest.handler_creditZero
DA:87,0
DA:94,0
FN:94,MedusaVaultTest.property_solvency
FNDA:0,MedusaVaultTest.property_solvency
DA:95,0
DA:96,0
DA:97,0
DA:98,0
DA:100,0
DA:104,0
FN:104,MedusaVaultTest.property_tokenMatchesPool
FNDA:0,MedusaVaultTest.property_tokenMatchesPool
DA:105,0
DA:106,0
DA:107,0
DA:111,0
FN:111,MedusaVaultTest.property_recipientsBalance
FNDA:0,MedusaVaultTest.property_recipientsBalance
DA:112,0
DA:113,0
DA:114,0
DA:118,0
FN:118,MedusaVaultTest.property_poolBalanceBounded
FNDA:0,MedusaVaultTest.property_poolBalanceBounded
DA:119,0
DA:123,0
FN:123,MedusaVaultTest.property_unregisteredPoolClean
FNDA:0,MedusaVaultTest.property_unregisteredPoolClean
DA:124,0
FNF:13
FNH:0
LF:50
LH:0
BRF:5
BRH:0
end_of_record
TN:
SF:test/utils/BaseTest.sol
DA:10,77
FN:10,BaseTest.deployArtifactsAndLabel
FNDA:77,BaseTest.deployArtifactsAndLabel
DA:11,0
DA:13,77
DA:14,77
DA:15,77
DA:16,77
DA:19,83
FN:19,BaseTest.deployCurrencyPair
FNDA:83,BaseTest.deployCurrencyPair
DA:20,83
DA:22,83
DA:23,83
DA:26,83
FN:26,BaseTest._etch
FNDA:83,BaseTest._etch
DA:27,83
FNF:3
FNH:3
LF:12
LH:11
BRF:0
BRH:0
end_of_record
TN:
SF:test/utils/Deployers.sol
DA:37,166
FN:37,Deployers.deployToken
FNDA:166,Deployers.deployToken
DA:38,166
DA:39,166
DA:41,166
DA:42,166
DA:44,166
DA:45,166
DA:48,83
FN:48,Deployers.deployCurrencyPair
FNDA:83,Deployers.deployCurrencyPair
DA:49,83
DA:50,83
DA:52,83
BRDA:52,0,0,83
DA:53,83
DA:56,83
DA:57,83
DA:60,83
FN:60,Deployers.deployPermit2
FNDA:83,Deployers.deployPermit2
DA:61,83
DA:63,83
BRDA:63,1,0,-
BRDA:63,1,1,83
DA:66,83
DA:69,83
DA:72,83
FN:72,Deployers.deployPoolManager
FNDA:83,Deployers.deployPoolManager
DA:73,83
BRDA:73,2,0,83
BRDA:73,2,1,-
DA:74,83
DA:76,0
DA:80,83
FN:80,Deployers.deployPositionManager
FNDA:83,Deployers.deployPositionManager
DA:81,83
BRDA:81,3,0,83
BRDA:81,3,1,-
DA:82,83
DA:88,0
DA:92,83
FN:92,Deployers.deployRouter
FNDA:83,Deployers.deployRouter
DA:93,83
BRDA:93,4,0,83
BRDA:93,4,1,-
DA:94,83
DA:96,0
DA:100,0
FN:100,Deployers._etch
FNDA:0,Deployers._etch
DA:101,0
DA:104,83
FN:104,Deployers.deployArtifacts
FNDA:83,Deployers.deployArtifacts
DA:106,0
DA:107,0
DA:108,0
DA:109,0
FNF:8
FNH:7
LF:38
LH:29
BRF:9
BRH:5
end_of_record
TN:
SF:test/utils/MockYieldVault.sol
DA:12,24
FN:12,MockYieldVault.constructor
FNDA:24,MockYieldVault.constructor
DA:13,24
DA:16,10
FN:16,MockYieldVault.deposit
FNDA:10,MockYieldVault.deposit
DA:17,10
DA:18,10
DA:19,10
DA:22,3
FN:22,MockYieldVault.redeem
FNDA:3,MockYieldVault.redeem
DA:23,3
BRDA:23,0,0,-
BRDA:23,0,1,-
DA:24,3
DA:25,3
DA:26,3
DA:29,3
FN:29,MockYieldVault.previewWithdraw
FNDA:3,MockYieldVault.previewWithdraw
DA:30,3
DA:33,7
FN:33,MockYieldVault.convertToAssets
FNDA:7,MockYieldVault.convertToAssets
DA:34,7
FNF:5
FNH:5
LF:15
LH:15
BRF:2
BRH:0
end_of_record
TN:
SF:test/utils/libraries/EasyPosm.sol
DA:31,95717
FN:31,EasyPosm.mint
FNDA:95717,EasyPosm.mint
DA:43,95717
DA:45,95717
DA:52,95717
DA:56,95717
DA:58,95717
DA:59,95717
DA:60,95717
DA:63,95717
DA:64,95717
DA:65,95717
DA:67,902
DA:73,2
FN:73,EasyPosm.increaseLiquidity
FNDA:2,EasyPosm.increaseLiquidity
DA:82,2
DA:84,2
DA:85,2
DA:86,2
DA:87,2
DA:89,2
DA:90,2
DA:92,2
DA:93,2
DA:103,2
DA:109,95402
FN:109,EasyPosm.decreaseLiquidity
FNDA:95402,EasyPosm.decreaseLiquidity
DA:119,95402
DA:121,95402
DA:122,95402
DA:123,95402
DA:125,95402
DA:126,95402
DA:128,95402
DA:132,5401
DA:138,0
FN:138,EasyPosm.collect
FNDA:0,EasyPosm.collect
DA:147,0
DA:149,0
DA:151,0
DA:152,0
DA:154,0
DA:155,0
DA:157,0
DA:161,0
DA:167,1
FN:167,EasyPosm.burn
FNDA:1,EasyPosm.burn
DA:176,1
DA:178,1
DA:179,1
DA:180,1
DA:182,1
DA:183,1
DA:185,1
DA:189,1
DA:195,95405
FN:195,EasyPosm.getCurrencies
FNDA:95405,EasyPosm.getCurrencies
DA:200,95405
DA:201,95405
FNF:6
FNH:5
LF:53
LH:44
BRF:0
BRH:0
end_of_record
